- 12-18-22 02:14:26.805: 12/17/2022 7:14:26 PM - select value from setting where name='LinkStakeout_DSL': Invalid object name 'setting'.
- 12-18-22 02:14:26.842: 12/17/2022 7:14:26 PM - select value from setting where name='LinkLearnNewLanding_DSL': Invalid object name 'setting'.
- 12-18-22 02:14:26.861: 12/17/2022 7:14:26 PM - select StateID, StateName from [state] with(nolock): Invalid object name 'state'.
- 12-18-22 02:14:26.865: 12/17/2022 7:14:26 PM - select Name, Version from Js_CssVersion with(nolock): Invalid object name 'Js_CssVersion'.
- 12-18-22 02:14:28.203: 12/17/2022 7:14:28 PM - select value from setting where name='LinkStakeout_DSL': Invalid object name 'setting'.
- 12-18-22 02:14:28.210: 12/17/2022 7:14:28 PM - select value from setting where name='LinkLearnNewLanding_DSL': Invalid object name 'setting'.
- 12-18-22 02:14:28.241: 12/17/2022 7:14:28 PM - select StateID, StateName from [state] with(nolock): Invalid object name 'state'.
- 12-18-22 02:14:28.250: 12/17/2022 7:14:28 PM - select Name, Version from Js_CssVersion with(nolock): Invalid object name 'Js_CssVersion'.
- 12-18-22 02:21:25.192: 12/17/2022 7:21:25 PM - select value from setting where name='LinkStakeout_DSL': Invalid object name 'setting'.
- 12-18-22 02:21:25.199: 12/17/2022 7:21:25 PM - select value from setting where name='LinkLearnNewLanding_DSL': Invalid object name 'setting'.
- 12-18-22 02:21:25.225: 12/17/2022 7:21:25 PM - select StateID, StateName from [state] with(nolock): Invalid object name 'state'.
- 12-18-22 02:21:25.231: 12/17/2022 7:21:25 PM - select Name, Version from Js_CssVersion with(nolock): Invalid object name 'Js_CssVersion'.
- 12-18-22 02:21:26.323: 12/17/2022 7:21:26 PM - select value from setting where name='LinkStakeout_DSL': Invalid object name 'setting'.
- 12-18-22 02:21:26.332: 12/17/2022 7:21:26 PM - select value from setting where name='LinkLearnNewLanding_DSL': Invalid object name 'setting'.
- 12-18-22 02:21:26.372: 12/17/2022 7:21:26 PM - select StateID, StateName from [state] with(nolock): Invalid object name 'state'.
- 12-18-22 02:21:26.381: 12/17/2022 7:21:26 PM - select Name, Version from Js_CssVersion with(nolock): Invalid object name 'Js_CssVersion'.
- 12-18-22 02:21:48.443: 12/17/2022 7:21:48 PM - select value from setting where name='LinkStakeout_DSL': Invalid object name 'setting'.
- 12-18-22 02:21:48.448: 12/17/2022 7:21:48 PM - select value from setting where name='LinkLearnNewLanding_DSL': Invalid object name 'setting'.
- 12-18-22 02:21:48.467: 12/17/2022 7:21:48 PM - select StateID, StateName from [state] with(nolock): Invalid object name 'state'.
- 12-18-22 02:21:48.472: 12/17/2022 7:21:48 PM - select Name, Version from Js_CssVersion with(nolock): Invalid object name 'Js_CssVersion'.
- 12-18-22 02:21:49.564: 12/17/2022 7:21:49 PM - select value from setting where name='LinkStakeout_DSL': Invalid object name 'setting'.
- 12-18-22 02:21:49.572: 12/17/2022 7:21:49 PM - select value from setting where name='LinkLearnNewLanding_DSL': Invalid object name 'setting'.
- 12-18-22 02:21:49.604: 12/17/2022 7:21:49 PM - select StateID, StateName from [state] with(nolock): Invalid object name 'state'.
- 12-18-22 02:21:49.613: 12/17/2022 7:21:49 PM - select Name, Version from Js_CssVersion with(nolock): Invalid object name 'Js_CssVersion'.
- 12-18-22 10:27:12.225: 12/18/2022 3:27:12 AM - select value from setting where name='LinkStakeout_DSL': Invalid object name 'setting'.
- 12-18-22 10:27:12.229: 12/18/2022 3:27:12 AM - select value from setting where name='LinkLearnNewLanding_DSL': Invalid object name 'setting'.
- 12-18-22 10:27:12.245: 12/18/2022 3:27:12 AM - select StateID, StateName from [state] with(nolock): Invalid object name 'state'.
- 12-18-22 10:27:12.249: 12/18/2022 3:27:12 AM - select Name, Version from Js_CssVersion with(nolock): Invalid object name 'Js_CssVersion'.
- 12-18-22 10:27:13.544: 12/18/2022 3:27:13 AM - select value from setting where name='LinkStakeout_DSL': Invalid object name 'setting'.
- 12-18-22 10:27:13.551: 12/18/2022 3:27:13 AM - select value from setting where name='LinkLearnNewLanding_DSL': Invalid object name 'setting'.
- 12-18-22 10:27:13.580: 12/18/2022 3:27:13 AM - select StateID, StateName from [state] with(nolock): Invalid object name 'state'.
- 12-18-22 10:27:13.588: 12/18/2022 3:27:13 AM - select Name, Version from Js_CssVersion with(nolock): Invalid object name 'Js_CssVersion'.
- 12-18-22 15:31:36.290: 12/18/2022 8:31:36 AM - select value from setting where name='LinkStakeout_DSL': Invalid object name 'setting'.
- 12-18-22 15:31:36.294: 12/18/2022 8:31:36 AM - select value from setting where name='LinkLearnNewLanding_DSL': Invalid object name 'setting'.
- 12-18-22 15:31:36.311: 12/18/2022 8:31:36 AM - select StateID, StateName from [state] with(nolock): Invalid object name 'state'.
- 12-18-22 15:31:36.316: 12/18/2022 8:31:36 AM - select Name, Version from Js_CssVersion with(nolock): Invalid object name 'Js_CssVersion'.
- 12-18-22 15:36:35.615: 12/18/2022 8:36:35 AM - select value from setting where name='LinkStakeout_DSL': Invalid object name 'setting'.
- 12-18-22 15:36:35.622: 12/18/2022 8:36:35 AM - select value from setting where name='LinkLearnNewLanding_DSL': Invalid object name 'setting'.
- 12-18-22 15:36:35.645: 12/18/2022 8:36:35 AM - select StateID, StateName from [state] with(nolock): Invalid object name 'state'.
- 12-18-22 15:36:35.652: 12/18/2022 8:36:35 AM - select Name, Version from Js_CssVersion with(nolock): Invalid object name 'Js_CssVersion'.
- 12-18-22 16:02:42.728: 12/18/2022 9:02:42 AM - select value from setting where name='LinkStakeout_DSL': Invalid object name 'setting'.
- 12-18-22 16:02:42.732: 12/18/2022 9:02:42 AM - select value from setting where name='LinkLearnNewLanding_DSL': Invalid object name 'setting'.
- 12-18-22 16:02:42.750: 12/18/2022 9:02:42 AM - select StateID, StateName from [state] with(nolock): Invalid object name 'state'.
- 12-18-22 16:02:42.754: 12/18/2022 9:02:42 AM - select Name, Version from Js_CssVersion with(nolock): Invalid object name 'Js_CssVersion'.
- 12-18-22 16:02:44.028: 12/18/2022 9:02:44 AM - select value from setting where name='LinkStakeout_DSL': Invalid object name 'setting'.
- 12-18-22 16:02:44.037: 12/18/2022 9:02:44 AM - select value from setting where name='LinkLearnNewLanding_DSL': Invalid object name 'setting'.
- 12-18-22 16:02:44.080: 12/18/2022 9:02:44 AM - select StateID, StateName from [state] with(nolock): Invalid object name 'state'.
- 12-18-22 16:02:44.089: 12/18/2022 9:02:44 AM - select Name, Version from Js_CssVersion with(nolock): Invalid object name 'Js_CssVersion'.
- 12-18-22 16:09:02.656: 12/18/2022 9:09:02 AM - select value from setting where name='LinkStakeout_DSL': Invalid object name 'setting'.
- 12-18-22 16:09:02.661: 12/18/2022 9:09:02 AM - select value from setting where name='LinkLearnNewLanding_DSL': Invalid object name 'setting'.
- 12-18-22 16:09:02.680: 12/18/2022 9:09:02 AM - select StateID, StateName from [state] with(nolock): Invalid object name 'state'.
- 12-18-22 16:09:02.685: 12/18/2022 9:09:02 AM - select Name, Version from Js_CssVersion with(nolock): Invalid object name 'Js_CssVersion'.
- 12-18-22 16:09:03.947: 12/18/2022 9:09:03 AM - select value from setting where name='LinkStakeout_DSL': Invalid object name 'setting'.
- 12-18-22 16:09:03.955: 12/18/2022 9:09:03 AM - select value from setting where name='LinkLearnNewLanding_DSL': Invalid object name 'setting'.
- 12-18-22 16:09:03.988: 12/18/2022 9:09:03 AM - select StateID, StateName from [state] with(nolock): Invalid object name 'state'.
- 12-18-22 16:09:03.996: 12/18/2022 9:09:03 AM - select Name, Version from Js_CssVersion with(nolock): Invalid object name 'Js_CssVersion'.
- 12-19-22 02:33:29.558: 12/18/2022 7:33:29 PM - select value from setting where name='LinkStakeout_DSL': Invalid object name 'setting'.
- 12-19-22 02:33:29.562: 12/18/2022 7:33:29 PM - select value from setting where name='LinkLearnNewLanding_DSL': Invalid object name 'setting'.
- 12-19-22 02:33:29.580: 12/18/2022 7:33:29 PM - select StateID, StateName from [state] with(nolock): Invalid object name 'state'.
- 12-19-22 02:33:29.584: 12/18/2022 7:33:29 PM - select Name, Version from Js_CssVersion with(nolock): Invalid object name 'Js_CssVersion'.
- 12-19-22 02:33:31.211: 12/18/2022 7:33:31 PM - select value from setting where name='LinkStakeout_DSL': Invalid object name 'setting'.
- 12-19-22 02:33:31.218: 12/18/2022 7:33:31 PM - select value from setting where name='LinkLearnNewLanding_DSL': Invalid object name 'setting'.
- 12-19-22 02:33:31.246: 12/18/2022 7:33:31 PM - select StateID, StateName from [state] with(nolock): Invalid object name 'state'.
- 12-19-22 02:33:31.253: 12/18/2022 7:33:31 PM - select Name, Version from Js_CssVersion with(nolock): Invalid object name 'Js_CssVersion'.
- 12-19-22 02:49:01.585: 12/18/2022 7:49:01 PM - select value from setting where name='LinkStakeout_DSL': Invalid object name 'setting'.
- 12-19-22 02:49:01.590: 12/18/2022 7:49:01 PM - select value from setting where name='LinkLearnNewLanding_DSL': Invalid object name 'setting'.
- 12-19-22 02:49:01.609: 12/18/2022 7:49:01 PM - select StateID, StateName from [state] with(nolock): Invalid object name 'state'.
- 12-19-22 02:49:01.613: 12/18/2022 7:49:01 PM - select Name, Version from Js_CssVersion with(nolock): Invalid object name 'Js_CssVersion'.
- 12-19-22 02:49:02.874: 12/18/2022 7:49:02 PM - select value from setting where name='LinkStakeout_DSL': Invalid object name 'setting'.
- 12-19-22 02:49:02.882: 12/18/2022 7:49:02 PM - select value from setting where name='LinkLearnNewLanding_DSL': Invalid object name 'setting'.
- 12-19-22 02:49:02.911: 12/18/2022 7:49:02 PM - select StateID, StateName from [state] with(nolock): Invalid object name 'state'.
- 12-19-22 02:49:02.920: 12/18/2022 7:49:02 PM - select Name, Version from Js_CssVersion with(nolock): Invalid object name 'Js_CssVersion'.
- 12-19-22 03:11:50.548: 12/18/2022 8:11:50 PM - select value from setting where name='LinkStakeout_DSL': Invalid object name 'setting'.
- 12-19-22 03:11:50.552: 12/18/2022 8:11:50 PM - select value from setting where name='LinkLearnNewLanding_DSL': Invalid object name 'setting'.
- 12-19-22 03:11:50.569: 12/18/2022 8:11:50 PM - select StateID, StateName from [state] with(nolock): Invalid object name 'state'.
- 12-19-22 03:11:50.573: 12/18/2022 8:11:50 PM - select Name, Version from Js_CssVersion with(nolock): Invalid object name 'Js_CssVersion'.
- 12-19-22 03:11:51.802: 12/18/2022 8:11:51 PM - select value from setting where name='LinkStakeout_DSL': Invalid object name 'setting'.
- 12-19-22 03:11:51.810: 12/18/2022 8:11:51 PM - select value from setting where name='LinkLearnNewLanding_DSL': Invalid object name 'setting'.
- 12-19-22 03:11:51.840: 12/18/2022 8:11:51 PM - select StateID, StateName from [state] with(nolock): Invalid object name 'state'.
- 12-19-22 03:11:51.849: 12/18/2022 8:11:51 PM - select Name, Version from Js_CssVersion with(nolock): Invalid object name 'Js_CssVersion'.
- 12-19-22 23:03:35.519: 12/19/2022 4:03:35 PM - select value from setting where name='LinkStakeout_DSL': Invalid object name 'setting'.
- 12-19-22 23:03:35.524: 12/19/2022 4:03:35 PM - select value from setting where name='LinkLearnNewLanding_DSL': Invalid object name 'setting'.
- 12-19-22 23:03:35.543: 12/19/2022 4:03:35 PM - select StateID, StateName from [state] with(nolock): Invalid object name 'state'.
- 12-19-22 23:03:35.547: 12/19/2022 4:03:35 PM - select Name, Version from Js_CssVersion with(nolock): Invalid object name 'Js_CssVersion'.
- 12-19-22 23:03:37.158: 12/19/2022 4:03:37 PM - select value from setting where name='LinkStakeout_DSL': Invalid object name 'setting'.
- 12-19-22 23:03:37.167: 12/19/2022 4:03:37 PM - select value from setting where name='LinkLearnNewLanding_DSL': Invalid object name 'setting'.
- 12-19-22 23:03:37.200: 12/19/2022 4:03:37 PM - select StateID, StateName from [state] with(nolock): Invalid object name 'state'.
- 12-19-22 23:03:37.210: 12/19/2022 4:03:37 PM - select Name, Version from Js_CssVersion with(nolock): Invalid object name 'Js_CssVersion'.
- 12-19-22 23:44:54.732: 12/19/2022 4:44:54 PM - select value from setting where name='LinkStakeout_DSL': Invalid object name 'setting'.
- 12-19-22 23:44:54.732: 12/19/2022 4:44:54 PM - select value from setting where name='LinkLearnNewLanding_DSL': Invalid object name 'setting'.
- 12-19-22 23:44:54.734: 12/19/2022 4:44:54 PM - select StateID, StateName from [state] with(nolock): Invalid object name 'state'.
- 12-19-22 23:44:54.734: 12/19/2022 4:44:54 PM - select Name, Version from Js_CssVersion with(nolock): Invalid object name 'Js_CssVersion'.
- 12-19-22 23:44:55.905: 12/19/2022 4:44:55 PM - select value from setting where name='LinkStakeout_DSL': Invalid object name 'setting'.
- 12-19-22 23:44:55.905: 12/19/2022 4:44:55 PM - select value from setting where name='LinkLearnNewLanding_DSL': Invalid object name 'setting'.
- 12-19-22 23:44:55.906: 12/19/2022 4:44:55 PM - select StateID, StateName from [state] with(nolock): Invalid object name 'state'.
- 12-19-22 23:44:55.906: 12/19/2022 4:44:55 PM - select Name, Version from Js_CssVersion with(nolock): Invalid object name 'Js_CssVersion'.
- 12-20-22 00:12:57.199: 12/19/2022 5:12:57 PM - select value from setting where name='LinkStakeout_DSL': Invalid object name 'setting'.
- 12-20-22 00:12:57.204: 12/19/2022 5:12:57 PM - select value from setting where name='LinkLearnNewLanding_DSL': Invalid object name 'setting'.
- 12-20-22 00:12:57.223: 12/19/2022 5:12:57 PM - select StateID, StateName from [state] with(nolock): Invalid object name 'state'.
- 12-20-22 00:12:57.227: 12/19/2022 5:12:57 PM - select Name, Version from Js_CssVersion with(nolock): Invalid object name 'Js_CssVersion'.
- 12-20-22 00:12:58.364: 12/19/2022 5:12:58 PM - select value from setting where name='LinkStakeout_DSL': Invalid object name 'setting'.
- 12-20-22 00:12:58.371: 12/19/2022 5:12:58 PM - select value from setting where name='LinkLearnNewLanding_DSL': Invalid object name 'setting'.
- 12-20-22 00:12:58.445: 12/19/2022 5:12:58 PM - select StateID, StateName from [state] with(nolock): Invalid object name 'state'.
- 12-20-22 00:12:58.460: 12/19/2022 5:12:58 PM - select value from setting where name='LinkStakeout_DSL': Invalid object name 'setting'.
- 12-20-22 00:12:58.469: 12/19/2022 5:12:58 PM - select Name, Version from Js_CssVersion with(nolock): Invalid object name 'Js_CssVersion'.
- 12-20-22 00:12:58.491: 12/19/2022 5:12:58 PM - select value from setting where name='LinkLearnNewLanding_DSL': Invalid object name 'setting'.
- 12-20-22 00:12:58.529: 12/19/2022 5:12:58 PM - select value from setting where name='LinkStakeout_DSL': Invalid object name 'setting'.
- 12-20-22 00:12:58.537: 12/19/2022 5:12:58 PM - select value from setting where name='LinkLearnNewLanding_DSL': Invalid object name 'setting'.
- 12-20-22 00:12:58.552: 12/19/2022 5:12:58 PM - select StateID, StateName from [state] with(nolock): Invalid object name 'state'.
- 12-20-22 00:12:58.559: 12/19/2022 5:12:58 PM - select Name, Version from Js_CssVersion with(nolock): Invalid object name 'Js_CssVersion'.
- 12-20-22 00:12:58.592: 12/19/2022 5:12:58 PM - select StateID, StateName from [state] with(nolock): Invalid object name 'state'.
- 12-20-22 00:12:58.603: 12/19/2022 5:12:58 PM - select Name, Version from Js_CssVersion with(nolock): Invalid object name 'Js_CssVersion'.
- 12-20-22 00:27:08.870: 12/19/2022 5:27:08 PM - select value from setting where name='LinkStakeout_DSL': Invalid object name 'setting'.
- 12-20-22 00:27:08.874: 12/19/2022 5:27:08 PM - select value from setting where name='LinkLearnNewLanding_DSL': Invalid object name 'setting'.
- 12-20-22 00:27:08.893: 12/19/2022 5:27:08 PM - select StateID, StateName from [state] with(nolock): Invalid object name 'state'.
- 12-20-22 00:27:08.897: 12/19/2022 5:27:08 PM - select Name, Version from Js_CssVersion with(nolock): Invalid object name 'Js_CssVersion'.
- 12-20-22 00:27:10.176: 12/19/2022 5:27:10 PM - select value from setting where name='LinkStakeout_DSL': Invalid object name 'setting'.
- 12-20-22 00:27:10.181: 12/19/2022 5:27:10 PM - select value from setting where name='LinkLearnNewLanding_DSL': Invalid object name 'setting'.
- 12-20-22 00:27:10.201: 12/19/2022 5:27:10 PM - select StateID, StateName from [state] with(nolock): Invalid object name 'state'.
- 12-20-22 00:27:10.207: 12/19/2022 5:27:10 PM - select Name, Version from Js_CssVersion with(nolock): Invalid object name 'Js_CssVersion'.
- 12-20-22 00:46:28.229: 12/19/2022 5:46:28 PM - select value from setting where name='LinkStakeout_DSL': Invalid object name 'setting'.
- 12-20-22 00:46:28.233: 12/19/2022 5:46:28 PM - select value from setting where name='LinkLearnNewLanding_DSL': Invalid object name 'setting'.
- 12-20-22 00:46:28.253: 12/19/2022 5:46:28 PM - select StateID, StateName from [state] with(nolock): Invalid object name 'state'.
- 12-20-22 00:46:28.257: 12/19/2022 5:46:28 PM - select Name, Version from Js_CssVersion with(nolock): Invalid object name 'Js_CssVersion'.
- 12-20-22 00:46:29.175: 12/19/2022 5:46:29 PM - select value from setting where name='LinkStakeout_DSL': Invalid object name 'setting'.
- 12-20-22 00:46:29.182: 12/19/2022 5:46:29 PM - select value from setting where name='LinkLearnNewLanding_DSL': Invalid object name 'setting'.
- 12-20-22 00:46:29.209: 12/19/2022 5:46:29 PM - select StateID, StateName from [state] with(nolock): Invalid object name 'state'.
- 12-20-22 00:46:29.217: 12/19/2022 5:46:29 PM - select Name, Version from Js_CssVersion with(nolock): Invalid object name 'Js_CssVersion'.
- 12-20-22 01:08:21.139: 12/19/2022 6:08:21 PM - select value from setting where name='LinkStakeout_DSL': Invalid object name 'setting'.
- 12-20-22 01:08:21.143: 12/19/2022 6:08:21 PM - select value from setting where name='LinkLearnNewLanding_DSL': Invalid object name 'setting'.
- 12-20-22 01:08:21.161: 12/19/2022 6:08:21 PM - select StateID, StateName from [state] with(nolock): Invalid object name 'state'.
- 12-20-22 01:08:21.166: 12/19/2022 6:08:21 PM - select Name, Version from Js_CssVersion with(nolock): Invalid object name 'Js_CssVersion'.
- 12-20-22 01:08:22.460: 12/19/2022 6:08:22 PM - select value from setting where name='LinkStakeout_DSL': Invalid object name 'setting'.
- 12-20-22 01:08:22.468: 12/19/2022 6:08:22 PM - select value from setting where name='LinkLearnNewLanding_DSL': Invalid object name 'setting'.
- 12-20-22 01:08:22.499: 12/19/2022 6:08:22 PM - select StateID, StateName from [state] with(nolock): Invalid object name 'state'.
- 12-20-22 01:08:22.508: 12/19/2022 6:08:22 PM - select Name, Version from Js_CssVersion with(nolock): Invalid object name 'Js_CssVersion'.
- 12-20-22 01:12:37.195: 12/19/2022 6:12:37 PM - select value from setting where name='LinkStakeout_DSL': Invalid object name 'setting'.
- 12-20-22 01:12:37.199: 12/19/2022 6:12:37 PM - select value from setting where name='LinkLearnNewLanding_DSL': Invalid object name 'setting'.
- 12-20-22 01:12:37.216: 12/19/2022 6:12:37 PM - select StateID, StateName from [state] with(nolock): Invalid object name 'state'.
- 12-20-22 01:12:37.221: 12/19/2022 6:12:37 PM - select Name, Version from Js_CssVersion with(nolock): Invalid object name 'Js_CssVersion'.
- 12-20-22 01:12:38.514: 12/19/2022 6:12:38 PM - select value from setting where name='LinkStakeout_DSL': Invalid object name 'setting'.
- 12-20-22 01:12:38.522: 12/19/2022 6:12:38 PM - select value from setting where name='LinkLearnNewLanding_DSL': Invalid object name 'setting'.
- 12-20-22 01:12:38.557: 12/19/2022 6:12:38 PM - select StateID, StateName from [state] with(nolock): Invalid object name 'state'.
- 12-20-22 01:12:38.565: 12/19/2022 6:12:38 PM - select Name, Version from Js_CssVersion with(nolock): Invalid object name 'Js_CssVersion'.
- 12-20-22 01:24:25.568: 12/19/2022 6:24:25 PM - select value from setting where name='LinkStakeout_DSL': Invalid object name 'setting'.
- 12-20-22 01:24:25.572: 12/19/2022 6:24:25 PM - select value from setting where name='LinkLearnNewLanding_DSL': Invalid object name 'setting'.
- 12-20-22 01:24:25.590: 12/19/2022 6:24:25 PM - select StateID, StateName from [state] with(nolock): Invalid object name 'state'.
- 12-20-22 01:24:25.594: 12/19/2022 6:24:25 PM - select Name, Version from Js_CssVersion with(nolock): Invalid object name 'Js_CssVersion'.
- 12-20-22 01:24:26.895: 12/19/2022 6:24:26 PM - select value from setting where name='LinkStakeout_DSL': Invalid object name 'setting'.
- 12-20-22 01:24:26.904: 12/19/2022 6:24:26 PM - select value from setting where name='LinkLearnNewLanding_DSL': Invalid object name 'setting'.
- 12-20-22 01:24:26.945: 12/19/2022 6:24:26 PM - select StateID, StateName from [state] with(nolock): Invalid object name 'state'.
- 12-20-22 01:24:26.954: 12/19/2022 6:24:26 PM - select Name, Version from Js_CssVersion with(nolock): Invalid object name 'Js_CssVersion'.
- 12-20-22 01:30:39.315: 12/19/2022 6:30:39 PM - select value from setting where name='LinkStakeout_DSL': Invalid object name 'setting'.
- 12-20-22 01:30:39.321: 12/19/2022 6:30:39 PM - select value from setting where name='LinkLearnNewLanding_DSL': Invalid object name 'setting'.
- 12-20-22 01:30:39.348: 12/19/2022 6:30:39 PM - select StateID, StateName from [state] with(nolock): Invalid object name 'state'.
- 12-20-22 01:30:39.353: 12/19/2022 6:30:39 PM - select Name, Version from Js_CssVersion with(nolock): Invalid object name 'Js_CssVersion'.
- 12-20-22 01:30:40.616: 12/19/2022 6:30:40 PM - select value from setting where name='LinkStakeout_DSL': Invalid object name 'setting'.
- 12-20-22 01:30:40.624: 12/19/2022 6:30:40 PM - select value from setting where name='LinkLearnNewLanding_DSL': Invalid object name 'setting'.
- 12-20-22 01:30:40.654: 12/19/2022 6:30:40 PM - select StateID, StateName from [state] with(nolock): Invalid object name 'state'.
- 12-20-22 01:30:40.662: 12/19/2022 6:30:40 PM - select Name, Version from Js_CssVersion with(nolock): Invalid object name 'Js_CssVersion'.
- 12-20-22 01:31:48.280: 12/19/2022 6:31:48 PM - select value from setting where name='LinkStakeout_DSL': Invalid object name 'setting'.
- 12-20-22 01:31:48.285: 12/19/2022 6:31:48 PM - select value from setting where name='LinkLearnNewLanding_DSL': Invalid object name 'setting'.
- 12-20-22 01:31:48.306: 12/19/2022 6:31:48 PM - select StateID, StateName from [state] with(nolock): Invalid object name 'state'.
- 12-20-22 01:31:48.311: 12/19/2022 6:31:48 PM - select Name, Version from Js_CssVersion with(nolock): Invalid object name 'Js_CssVersion'.
- 12-20-22 01:31:49.582: 12/19/2022 6:31:49 PM - select value from setting where name='LinkStakeout_DSL': Invalid object name 'setting'.
- 12-20-22 01:31:49.590: 12/19/2022 6:31:49 PM - select value from setting where name='LinkLearnNewLanding_DSL': Invalid object name 'setting'.
- 12-20-22 01:31:49.626: 12/19/2022 6:31:49 PM - select StateID, StateName from [state] with(nolock): Invalid object name 'state'.
- 12-20-22 01:31:49.634: 12/19/2022 6:31:49 PM - select Name, Version from Js_CssVersion with(nolock): Invalid object name 'Js_CssVersion'.
- 12-20-22 01:53:05.673: 12/19/2022 6:53:05 PM - select value from setting where name='LinkStakeout_DSL': Invalid object name 'setting'.
- 12-20-22 01:53:05.678: 12/19/2022 6:53:05 PM - select value from setting where name='LinkLearnNewLanding_DSL': Invalid object name 'setting'.
- 12-20-22 01:53:05.708: 12/19/2022 6:53:05 PM - select StateID, StateName from [state] with(nolock): Invalid object name 'state'.
- 12-20-22 01:53:05.713: 12/19/2022 6:53:05 PM - select Name, Version from Js_CssVersion with(nolock): Invalid object name 'Js_CssVersion'.
- 12-20-22 01:53:07.017: 12/19/2022 6:53:07 PM - select value from setting where name='LinkStakeout_DSL': Invalid object name 'setting'.
- 12-20-22 01:53:07.025: 12/19/2022 6:53:07 PM - select value from setting where name='LinkLearnNewLanding_DSL': Invalid object name 'setting'.
- 12-20-22 01:53:07.058: 12/19/2022 6:53:07 PM - select StateID, StateName from [state] with(nolock): Invalid object name 'state'.
- 12-20-22 01:53:07.066: 12/19/2022 6:53:07 PM - select Name, Version from Js_CssVersion with(nolock): Invalid object name 'Js_CssVersion'.
- 12-20-22 01:57:21.766: 12/19/2022 6:57:21 PM - select value from setting where name='LinkStakeout_DSL': Invalid object name 'setting'.
- 12-20-22 01:57:21.770: 12/19/2022 6:57:21 PM - select value from setting where name='LinkLearnNewLanding_DSL': Invalid object name 'setting'.
- 12-20-22 01:57:21.789: 12/19/2022 6:57:21 PM - select StateID, StateName from [state] with(nolock): Invalid object name 'state'.
- 12-20-22 01:57:21.793: 12/19/2022 6:57:21 PM - select Name, Version from Js_CssVersion with(nolock): Invalid object name 'Js_CssVersion'.
- 12-20-22 01:57:23.080: 12/19/2022 6:57:23 PM - select value from setting where name='LinkStakeout_DSL': Invalid object name 'setting'.
- 12-20-22 01:57:23.088: 12/19/2022 6:57:23 PM - select value from setting where name='LinkLearnNewLanding_DSL': Invalid object name 'setting'.
- 12-20-22 01:57:23.119: 12/19/2022 6:57:23 PM - select StateID, StateName from [state] with(nolock): Invalid object name 'state'.
- 12-20-22 01:57:23.128: 12/19/2022 6:57:23 PM - select Name, Version from Js_CssVersion with(nolock): Invalid object name 'Js_CssVersion'.
- 12-20-22 01:59:17.652: 12/19/2022 6:59:17 PM - select value from setting where name='LinkStakeout_DSL': Invalid object name 'setting'.
- 12-20-22 01:59:17.658: 12/19/2022 6:59:17 PM - select value from setting where name='LinkLearnNewLanding_DSL': Invalid object name 'setting'.
- 12-20-22 01:59:17.692: 12/19/2022 6:59:17 PM - select StateID, StateName from [state] with(nolock): Invalid object name 'state'.
- 12-20-22 01:59:17.699: 12/19/2022 6:59:17 PM - select Name, Version from Js_CssVersion with(nolock): Invalid object name 'Js_CssVersion'.
- 12-20-22 01:59:18.984: 12/19/2022 6:59:18 PM - select value from setting where name='LinkStakeout_DSL': Invalid object name 'setting'.
- 12-20-22 01:59:18.992: 12/19/2022 6:59:18 PM - select value from setting where name='LinkLearnNewLanding_DSL': Invalid object name 'setting'.
- 12-20-22 01:59:19.024: 12/19/2022 6:59:19 PM - select StateID, StateName from [state] with(nolock): Invalid object name 'state'.
- 12-20-22 01:59:19.033: 12/19/2022 6:59:19 PM - select Name, Version from Js_CssVersion with(nolock): Invalid object name 'Js_CssVersion'.
- 12-20-22 01:59:42.680: 12/19/2022 6:59:42 PM - select value from setting where name='LinkStakeout_DSL': Invalid object name 'setting'.
- 12-20-22 01:59:42.683: 12/19/2022 6:59:42 PM - select value from setting where name='LinkLearnNewLanding_DSL': Invalid object name 'setting'.
- 12-20-22 01:59:42.701: 12/19/2022 6:59:42 PM - select StateID, StateName from [state] with(nolock): Invalid object name 'state'.
- 12-20-22 01:59:42.705: 12/19/2022 6:59:42 PM - select Name, Version from Js_CssVersion with(nolock): Invalid object name 'Js_CssVersion'.
- 12-20-22 01:59:43.341: 12/19/2022 6:59:43 PM - select value from setting where name='LinkStakeout_DSL': Invalid object name 'setting'.
- 12-20-22 01:59:43.348: 12/19/2022 6:59:43 PM - select value from setting where name='LinkLearnNewLanding_DSL': Invalid object name 'setting'.
- 12-20-22 01:59:43.378: 12/19/2022 6:59:43 PM - select StateID, StateName from [state] with(nolock): Invalid object name 'state'.
- 12-20-22 01:59:43.393: 12/19/2022 6:59:43 PM - select Name, Version from Js_CssVersion with(nolock): Invalid object name 'Js_CssVersion'.
- 12-20-22 21:23:25.032: 12/20/2022 2:23:25 PM - select value from setting where name='LinkStakeout_DSL': Invalid object name 'setting'.
- 12-20-22 21:23:25.037: 12/20/2022 2:23:25 PM - select value from setting where name='LinkLearnNewLanding_DSL': Invalid object name 'setting'.
- 12-20-22 21:23:25.065: 12/20/2022 2:23:25 PM - select StateID, StateName from [state] with(nolock): Invalid object name 'state'.
- 12-20-22 21:23:25.070: 12/20/2022 2:23:25 PM - select Name, Version from Js_CssVersion with(nolock): Invalid object name 'Js_CssVersion'.
- 12-20-22 21:23:25.668: 12/20/2022 2:23:25 PM - select value from setting where name='LinkStakeout_DSL': Invalid object name 'setting'.
- 12-20-22 21:23:25.668: 12/20/2022 2:23:25 PM - select value from setting where name='LinkLearnNewLanding_DSL': Invalid object name 'setting'.
- 12-20-22 21:23:25.670: 12/20/2022 2:23:25 PM - select StateID, StateName from [state] with(nolock): Invalid object name 'state'.
- 12-20-22 21:23:25.670: 12/20/2022 2:23:25 PM - select Name, Version from Js_CssVersion with(nolock): Invalid object name 'Js_CssVersion'.
- 12-20-22 21:24:37.263: 12/20/2022 2:24:37 PM - select value from setting where name='LinkStakeout_DSL': Invalid object name 'setting'.
- 12-20-22 21:24:37.267: 12/20/2022 2:24:37 PM - select value from setting where name='LinkLearnNewLanding_DSL': Invalid object name 'setting'.
- 12-20-22 21:24:37.285: 12/20/2022 2:24:37 PM - select StateID, StateName from [state] with(nolock): Invalid object name 'state'.
- 12-20-22 21:24:37.290: 12/20/2022 2:24:37 PM - select Name, Version from Js_CssVersion with(nolock): Invalid object name 'Js_CssVersion'.
- 12-20-22 21:24:38.700: 12/20/2022 2:24:38 PM - select value from setting where name='LinkStakeout_DSL': Invalid object name 'setting'.
- 12-20-22 21:24:38.707: 12/20/2022 2:24:38 PM - select value from setting where name='LinkLearnNewLanding_DSL': Invalid object name 'setting'.
- 12-20-22 21:24:38.736: 12/20/2022 2:24:38 PM - select StateID, StateName from [state] with(nolock): Invalid object name 'state'.
- 12-20-22 21:24:38.749: 12/20/2022 2:24:38 PM - select Name, Version from Js_CssVersion with(nolock): Invalid object name 'Js_CssVersion'.
- 12-20-22 21:34:28.653: 12/20/2022 2:34:28 PM - select value from setting where name='LinkStakeout_DSL': Invalid object name 'setting'.
- 12-20-22 21:34:28.657: 12/20/2022 2:34:28 PM - select value from setting where name='LinkLearnNewLanding_DSL': Invalid object name 'setting'.
- 12-20-22 21:34:28.675: 12/20/2022 2:34:28 PM - select StateID, StateName from [state] with(nolock): Invalid object name 'state'.
- 12-20-22 21:34:28.679: 12/20/2022 2:34:28 PM - select Name, Version from Js_CssVersion with(nolock): Invalid object name 'Js_CssVersion'.
- 12-20-22 21:34:30.266: 12/20/2022 2:34:30 PM - select value from setting where name='LinkStakeout_DSL': Invalid object name 'setting'.
- 12-20-22 21:34:30.274: 12/20/2022 2:34:30 PM - select value from setting where name='LinkLearnNewLanding_DSL': Invalid object name 'setting'.
- 12-20-22 21:34:30.305: 12/20/2022 2:34:30 PM - select StateID, StateName from [state] with(nolock): Invalid object name 'state'.
- 12-20-22 21:34:30.313: 12/20/2022 2:34:30 PM - select Name, Version from Js_CssVersion with(nolock): Invalid object name 'Js_CssVersion'.
- 12-20-22 21:39:59.766: 12/20/2022 2:39:59 PM - select value from setting where name='LinkStakeout_DSL': Invalid object name 'setting'.
- 12-20-22 21:39:59.771: 12/20/2022 2:39:59 PM - select value from setting where name='LinkLearnNewLanding_DSL': Invalid object name 'setting'.
- 12-20-22 21:39:59.790: 12/20/2022 2:39:59 PM - select StateID, StateName from [state] with(nolock): Invalid object name 'state'.
- 12-20-22 21:39:59.794: 12/20/2022 2:39:59 PM - select Name, Version from Js_CssVersion with(nolock): Invalid object name 'Js_CssVersion'.
- 12-20-22 21:40:00.885: 12/20/2022 2:40:00 PM - select value from setting where name='LinkStakeout_DSL': Invalid object name 'setting'.
- 12-20-22 21:40:00.893: 12/20/2022 2:40:00 PM - select value from setting where name='LinkLearnNewLanding_DSL': Invalid object name 'setting'.
- 12-20-22 21:40:00.922: 12/20/2022 2:40:00 PM - select StateID, StateName from [state] with(nolock): Invalid object name 'state'.
- 12-20-22 21:40:00.929: 12/20/2022 2:40:00 PM - select Name, Version from Js_CssVersion with(nolock): Invalid object name 'Js_CssVersion'.
- 12-20-22 21:45:48.120: 12/20/2022 2:45:48 PM - select value from setting where name='LinkStakeout_DSL': Invalid object name 'setting'.
- 12-20-22 21:45:48.125: 12/20/2022 2:45:48 PM - select value from setting where name='LinkLearnNewLanding_DSL': Invalid object name 'setting'.
- 12-20-22 21:45:48.143: 12/20/2022 2:45:48 PM - select StateID, StateName from [state] with(nolock): Invalid object name 'state'.
- 12-20-22 21:45:48.154: 12/20/2022 2:45:48 PM - select Name, Version from Js_CssVersion with(nolock): Invalid object name 'Js_CssVersion'.
- 12-20-22 21:45:49.452: 12/20/2022 2:45:49 PM - select value from setting where name='LinkStakeout_DSL': Invalid object name 'setting'.
- 12-20-22 21:45:49.459: 12/20/2022 2:45:49 PM - select value from setting where name='LinkLearnNewLanding_DSL': Invalid object name 'setting'.
- 12-20-22 21:45:49.489: 12/20/2022 2:45:49 PM - select StateID, StateName from [state] with(nolock): Invalid object name 'state'.
- 12-20-22 21:45:49.498: 12/20/2022 2:45:49 PM - select Name, Version from Js_CssVersion with(nolock): Invalid object name 'Js_CssVersion'.
- 12-20-22 21:53:05.441: 12/20/2022 2:53:05 PM - select value from setting where name='LinkStakeout_DSL': Invalid object name 'setting'.
- 12-20-22 21:53:05.445: 12/20/2022 2:53:05 PM - select value from setting where name='LinkLearnNewLanding_DSL': Invalid object name 'setting'.
- 12-20-22 21:53:05.463: 12/20/2022 2:53:05 PM - select StateID, StateName from [state] with(nolock): Invalid object name 'state'.
- 12-20-22 21:53:05.468: 12/20/2022 2:53:05 PM - select Name, Version from Js_CssVersion with(nolock): Invalid object name 'Js_CssVersion'.
- 12-20-22 21:53:06.784: 12/20/2022 2:53:06 PM - select value from setting where name='LinkStakeout_DSL': Invalid object name 'setting'.
- 12-20-22 21:53:06.796: 12/20/2022 2:53:06 PM - select value from setting where name='LinkLearnNewLanding_DSL': Invalid object name 'setting'.
- 12-20-22 21:53:06.828: 12/20/2022 2:53:06 PM - select StateID, StateName from [state] with(nolock): Invalid object name 'state'.
- 12-20-22 21:53:06.837: 12/20/2022 2:53:06 PM - select Name, Version from Js_CssVersion with(nolock): Invalid object name 'Js_CssVersion'.
- 12-20-22 21:55:22.866: 12/20/2022 2:55:22 PM - select value from setting where name='LinkStakeout_DSL': Invalid object name 'setting'.
- 12-20-22 21:55:22.871: 12/20/2022 2:55:22 PM - select value from setting where name='LinkLearnNewLanding_DSL': Invalid object name 'setting'.
- 12-20-22 21:55:22.890: 12/20/2022 2:55:22 PM - select StateID, StateName from [state] with(nolock): Invalid object name 'state'.
- 12-20-22 21:55:22.895: 12/20/2022 2:55:22 PM - select Name, Version from Js_CssVersion with(nolock): Invalid object name 'Js_CssVersion'.
- 12-20-22 21:55:24.184: 12/20/2022 2:55:24 PM - select value from setting where name='LinkStakeout_DSL': Invalid object name 'setting'.
- 12-20-22 21:55:24.192: 12/20/2022 2:55:24 PM - select value from setting where name='LinkLearnNewLanding_DSL': Invalid object name 'setting'.
- 12-20-22 21:55:24.230: 12/20/2022 2:55:24 PM - select StateID, StateName from [state] with(nolock): Invalid object name 'state'.
- 12-20-22 21:55:24.239: 12/20/2022 2:55:24 PM - select Name, Version from Js_CssVersion with(nolock): Invalid object name 'Js_CssVersion'.
- 12-20-22 22:06:13.247: 12/20/2022 3:06:13 PM - select value from setting where name='LinkStakeout_DSL': Invalid object name 'setting'.
- 12-20-22 22:06:13.252: 12/20/2022 3:06:13 PM - select value from setting where name='LinkLearnNewLanding_DSL': Invalid object name 'setting'.
- 12-20-22 22:06:13.271: 12/20/2022 3:06:13 PM - select StateID, StateName from [state] with(nolock): Invalid object name 'state'.
- 12-20-22 22:06:13.276: 12/20/2022 3:06:13 PM - select Name, Version from Js_CssVersion with(nolock): Invalid object name 'Js_CssVersion'.
- 12-20-22 22:06:14.651: 12/20/2022 3:06:14 PM - select value from setting where name='LinkStakeout_DSL': Invalid object name 'setting'.
- 12-20-22 22:06:14.660: 12/20/2022 3:06:14 PM - select value from setting where name='LinkLearnNewLanding_DSL': Invalid object name 'setting'.
- 12-20-22 22:06:14.691: 12/20/2022 3:06:14 PM - select StateID, StateName from [state] with(nolock): Invalid object name 'state'.
- 12-20-22 22:06:14.700: 12/20/2022 3:06:14 PM - select Name, Version from Js_CssVersion with(nolock): Invalid object name 'Js_CssVersion'.
- 12-20-22 22:15:26.418: 12/20/2022 3:15:26 PM - select value from setting where name='LinkStakeout_DSL': Invalid object name 'setting'.
- 12-20-22 22:15:26.423: 12/20/2022 3:15:26 PM - select value from setting where name='LinkLearnNewLanding_DSL': Invalid object name 'setting'.
- 12-20-22 22:15:26.441: 12/20/2022 3:15:26 PM - select StateID, StateName from [state] with(nolock): Invalid object name 'state'.
- 12-20-22 22:15:26.446: 12/20/2022 3:15:26 PM - select Name, Version from Js_CssVersion with(nolock): Invalid object name 'Js_CssVersion'.
- 12-20-22 22:15:31.587: 12/20/2022 3:15:31 PM - select value from setting where name='LinkStakeout_DSL': Invalid object name 'setting'.
- 12-20-22 22:15:31.591: 12/20/2022 3:15:31 PM - select value from setting where name='LinkLearnNewLanding_DSL': Invalid object name 'setting'.
- 12-20-22 22:15:31.618: 12/20/2022 3:15:31 PM - select StateID, StateName from [state] with(nolock): Invalid object name 'state'.
- 12-20-22 22:15:31.622: 12/20/2022 3:15:31 PM - select Name, Version from Js_CssVersion with(nolock): Invalid object name 'Js_CssVersion'.
- 12-20-22 22:15:33.170: 12/20/2022 3:15:33 PM - select value from setting where name='LinkStakeout_DSL': Invalid object name 'setting'.
- 12-20-22 22:15:33.177: 12/20/2022 3:15:33 PM - select value from setting where name='LinkLearnNewLanding_DSL': Invalid object name 'setting'.
- 12-20-22 22:15:33.205: 12/20/2022 3:15:33 PM - select StateID, StateName from [state] with(nolock): Invalid object name 'state'.
- 12-20-22 22:15:33.213: 12/20/2022 3:15:33 PM - select Name, Version from Js_CssVersion with(nolock): Invalid object name 'Js_CssVersion'.
- 12-20-22 22:21:21.190: 12/20/2022 3:21:21 PM - select value from setting where name='LinkStakeout_DSL': Invalid object name 'setting'.
- 12-20-22 22:21:21.195: 12/20/2022 3:21:21 PM - select value from setting where name='LinkLearnNewLanding_DSL': Invalid object name 'setting'.
- 12-20-22 22:21:21.215: 12/20/2022 3:21:21 PM - select StateID, StateName from [state] with(nolock): Invalid object name 'state'.
- 12-20-22 22:21:21.220: 12/20/2022 3:21:21 PM - select Name, Version from Js_CssVersion with(nolock): Invalid object name 'Js_CssVersion'.
- 12-20-22 22:21:22.546: 12/20/2022 3:21:22 PM - select value from setting where name='LinkStakeout_DSL': Invalid object name 'setting'.
- 12-20-22 22:21:22.554: 12/20/2022 3:21:22 PM - select value from setting where name='LinkLearnNewLanding_DSL': Invalid object name 'setting'.
- 12-20-22 22:21:22.583: 12/20/2022 3:21:22 PM - select StateID, StateName from [state] with(nolock): Invalid object name 'state'.
- 12-20-22 22:21:22.591: 12/20/2022 3:21:22 PM - select Name, Version from Js_CssVersion with(nolock): Invalid object name 'Js_CssVersion'.
- 12-20-22 22:21:52.716: 12/20/2022 3:21:52 PM - select value from setting where name='LinkStakeout_DSL': Invalid object name 'setting'.
- 12-20-22 22:21:52.720: 12/20/2022 3:21:52 PM - select value from setting where name='LinkLearnNewLanding_DSL': Invalid object name 'setting'.
- 12-20-22 22:21:52.740: 12/20/2022 3:21:52 PM - select StateID, StateName from [state] with(nolock): Invalid object name 'state'.
- 12-20-22 22:21:52.744: 12/20/2022 3:21:52 PM - select Name, Version from Js_CssVersion with(nolock): Invalid object name 'Js_CssVersion'.
- 12-20-22 22:21:54.076: 12/20/2022 3:21:54 PM - select value from setting where name='LinkStakeout_DSL': Invalid object name 'setting'.
- 12-20-22 22:21:54.083: 12/20/2022 3:21:54 PM - select value from setting where name='LinkLearnNewLanding_DSL': Invalid object name 'setting'.
- 12-20-22 22:21:54.114: 12/20/2022 3:21:54 PM - select StateID, StateName from [state] with(nolock): Invalid object name 'state'.
- 12-20-22 22:21:54.122: 12/20/2022 3:21:54 PM - select Name, Version from Js_CssVersion with(nolock): Invalid object name 'Js_CssVersion'.
- 12-20-22 22:24:57.858: 12/20/2022 3:24:57 PM - select value from setting where name='LinkStakeout_DSL': Invalid object name 'setting'.
- 12-20-22 22:24:57.863: 12/20/2022 3:24:57 PM - select value from setting where name='LinkLearnNewLanding_DSL': Invalid object name 'setting'.
- 12-20-22 22:24:57.884: 12/20/2022 3:24:57 PM - select StateID, StateName from [state] with(nolock): Invalid object name 'state'.
- 12-20-22 22:24:57.889: 12/20/2022 3:24:57 PM - select Name, Version from Js_CssVersion with(nolock): Invalid object name 'Js_CssVersion'.
- 12-20-22 22:24:59.241: 12/20/2022 3:24:59 PM - select value from setting where name='LinkStakeout_DSL': Invalid object name 'setting'.
- 12-20-22 22:24:59.249: 12/20/2022 3:24:59 PM - select value from setting where name='LinkLearnNewLanding_DSL': Invalid object name 'setting'.
- 12-20-22 22:24:59.281: 12/20/2022 3:24:59 PM - select StateID, StateName from [state] with(nolock): Invalid object name 'state'.
- 12-20-22 22:24:59.290: 12/20/2022 3:24:59 PM - select Name, Version from Js_CssVersion with(nolock): Invalid object name 'Js_CssVersion'.
- 12-20-22 22:27:59.464: 12/20/2022 3:27:59 PM - select value from setting where name='LinkStakeout_DSL': Invalid object name 'setting'.
- 12-20-22 22:27:59.470: 12/20/2022 3:27:59 PM - select value from setting where name='LinkLearnNewLanding_DSL': Invalid object name 'setting'.
- 12-20-22 22:27:59.491: 12/20/2022 3:27:59 PM - select StateID, StateName from [state] with(nolock): Invalid object name 'state'.
- 12-20-22 22:27:59.496: 12/20/2022 3:27:59 PM - select Name, Version from Js_CssVersion with(nolock): Invalid object name 'Js_CssVersion'.
- 12-20-22 22:28:00.802: 12/20/2022 3:28:00 PM - select value from setting where name='LinkStakeout_DSL': Invalid object name 'setting'.
- 12-20-22 22:28:00.810: 12/20/2022 3:28:00 PM - select value from setting where name='LinkLearnNewLanding_DSL': Invalid object name 'setting'.
- 12-20-22 22:28:00.855: 12/20/2022 3:28:00 PM - select StateID, StateName from [state] with(nolock): Invalid object name 'state'.
- 12-20-22 22:28:00.864: 12/20/2022 3:28:00 PM - select Name, Version from Js_CssVersion with(nolock): Invalid object name 'Js_CssVersion'.
- 12-20-22 22:51:21.969: 12/20/2022 3:51:21 PM - select value from setting where name='LinkStakeout_DSL': Invalid object name 'setting'.
- 12-20-22 22:51:21.975: 12/20/2022 3:51:21 PM - select value from setting where name='LinkLearnNewLanding_DSL': Invalid object name 'setting'.
- 12-20-22 22:51:21.997: 12/20/2022 3:51:21 PM - select StateID, StateName from [state] with(nolock): Invalid object name 'state'.
- 12-20-22 22:51:22.002: 12/20/2022 3:51:22 PM - select Name, Version from Js_CssVersion with(nolock): Invalid object name 'Js_CssVersion'.
- 12-20-22 22:51:23.568: 12/20/2022 3:51:23 PM - select value from setting where name='LinkStakeout_DSL': Invalid object name 'setting'.
- 12-20-22 22:51:23.575: 12/20/2022 3:51:23 PM - select value from setting where name='LinkLearnNewLanding_DSL': Invalid object name 'setting'.
- 12-20-22 22:51:23.604: 12/20/2022 3:51:23 PM - select StateID, StateName from [state] with(nolock): Invalid object name 'state'.
- 12-20-22 22:51:23.612: 12/20/2022 3:51:23 PM - select Name, Version from Js_CssVersion with(nolock): Invalid object name 'Js_CssVersion'.
- 12-20-22 22:57:52.775: 12/20/2022 3:57:52 PM - select value from setting where name='LinkStakeout_DSL': Invalid object name 'setting'.
- 12-20-22 22:57:52.779: 12/20/2022 3:57:52 PM - select value from setting where name='LinkLearnNewLanding_DSL': Invalid object name 'setting'.
- 12-20-22 22:57:52.797: 12/20/2022 3:57:52 PM - select StateID, StateName from [state] with(nolock): Invalid object name 'state'.
- 12-20-22 22:57:52.802: 12/20/2022 3:57:52 PM - select Name, Version from Js_CssVersion with(nolock): Invalid object name 'Js_CssVersion'.
- 12-20-22 22:57:54.086: 12/20/2022 3:57:54 PM - select value from setting where name='LinkStakeout_DSL': Invalid object name 'setting'.
- 12-20-22 22:57:54.095: 12/20/2022 3:57:54 PM - select value from setting where name='LinkLearnNewLanding_DSL': Invalid object name 'setting'.
- 12-20-22 22:57:54.128: 12/20/2022 3:57:54 PM - select StateID, StateName from [state] with(nolock): Invalid object name 'state'.
- 12-20-22 22:57:54.136: 12/20/2022 3:57:54 PM - select Name, Version from Js_CssVersion with(nolock): Invalid object name 'Js_CssVersion'.
- 12-20-22 23:01:37.777: 12/20/2022 4:01:37 PM - select value from setting where name='LinkStakeout_DSL': Invalid object name 'setting'.
- 12-20-22 23:01:37.782: 12/20/2022 4:01:37 PM - select value from setting where name='LinkLearnNewLanding_DSL': Invalid object name 'setting'.
- 12-20-22 23:01:37.802: 12/20/2022 4:01:37 PM - select StateID, StateName from [state] with(nolock): Invalid object name 'state'.
- 12-20-22 23:01:37.806: 12/20/2022 4:01:37 PM - select Name, Version from Js_CssVersion with(nolock): Invalid object name 'Js_CssVersion'.
- 12-20-22 23:01:39.104: 12/20/2022 4:01:39 PM - select value from setting where name='LinkStakeout_DSL': Invalid object name 'setting'.
- 12-20-22 23:01:39.118: 12/20/2022 4:01:39 PM - select value from setting where name='LinkLearnNewLanding_DSL': Invalid object name 'setting'.
- 12-20-22 23:01:39.149: 12/20/2022 4:01:39 PM - select StateID, StateName from [state] with(nolock): Invalid object name 'state'.
- 12-20-22 23:01:39.156: 12/20/2022 4:01:39 PM - select Name, Version from Js_CssVersion with(nolock): Invalid object name 'Js_CssVersion'.
- 12-20-22 23:14:16.690: 12/20/2022 4:14:16 PM - select value from setting where name='LinkStakeout_DSL': Invalid object name 'setting'.
- 12-20-22 23:14:16.694: 12/20/2022 4:14:16 PM - select value from setting where name='LinkLearnNewLanding_DSL': Invalid object name 'setting'.
- 12-20-22 23:14:16.711: 12/20/2022 4:14:16 PM - select StateID, StateName from [state] with(nolock): Invalid object name 'state'.
- 12-20-22 23:14:16.715: 12/20/2022 4:14:16 PM - select Name, Version from Js_CssVersion with(nolock): Invalid object name 'Js_CssVersion'.
- 12-20-22 23:14:18.243: 12/20/2022 4:14:18 PM - select value from setting where name='LinkStakeout_DSL': Invalid object name 'setting'.
- 12-20-22 23:14:18.250: 12/20/2022 4:14:18 PM - select value from setting where name='LinkLearnNewLanding_DSL': Invalid object name 'setting'.
- 12-20-22 23:14:18.278: 12/20/2022 4:14:18 PM - select StateID, StateName from [state] with(nolock): Invalid object name 'state'.
- 12-20-22 23:14:18.286: 12/20/2022 4:14:18 PM - select Name, Version from Js_CssVersion with(nolock): Invalid object name 'Js_CssVersion'.
- 12-20-22 23:31:38.368: 12/20/2022 4:31:38 PM - select value from setting where name='LinkStakeout_DSL': Invalid object name 'setting'.
- 12-20-22 23:31:38.372: 12/20/2022 4:31:38 PM - select value from setting where name='LinkLearnNewLanding_DSL': Invalid object name 'setting'.
- 12-20-22 23:31:38.391: 12/20/2022 4:31:38 PM - select StateID, StateName from [state] with(nolock): Invalid object name 'state'.
- 12-20-22 23:31:38.396: 12/20/2022 4:31:38 PM - select Name, Version from Js_CssVersion with(nolock): Invalid object name 'Js_CssVersion'.
- 12-20-22 23:31:39.347: 12/20/2022 4:31:39 PM - select value from setting where name='LinkStakeout_DSL': Invalid object name 'setting'.
- 12-20-22 23:31:39.355: 12/20/2022 4:31:39 PM - select value from setting where name='LinkLearnNewLanding_DSL': Invalid object name 'setting'.
- 12-20-22 23:31:39.388: 12/20/2022 4:31:39 PM - select StateID, StateName from [state] with(nolock): Invalid object name 'state'.
- 12-20-22 23:31:39.397: 12/20/2022 4:31:39 PM - select Name, Version from Js_CssVersion with(nolock): Invalid object name 'Js_CssVersion'.
- 12-20-22 23:59:24.364: 12/20/2022 4:59:24 PM - select value from setting where name='LinkStakeout_DSL': Invalid object name 'setting'.
- 12-20-22 23:59:24.368: 12/20/2022 4:59:24 PM - select value from setting where name='LinkLearnNewLanding_DSL': Invalid object name 'setting'.
- 12-20-22 23:59:24.386: 12/20/2022 4:59:24 PM - select StateID, StateName from [state] with(nolock): Invalid object name 'state'.
- 12-20-22 23:59:24.390: 12/20/2022 4:59:24 PM - select Name, Version from Js_CssVersion with(nolock): Invalid object name 'Js_CssVersion'.
- 12-20-22 23:59:25.281: 12/20/2022 4:59:25 PM - select value from setting where name='LinkStakeout_DSL': Invalid object name 'setting'.
- 12-20-22 23:59:25.288: 12/20/2022 4:59:25 PM - select value from setting where name='LinkLearnNewLanding_DSL': Invalid object name 'setting'.
- 12-20-22 23:59:25.318: 12/20/2022 4:59:25 PM - select StateID, StateName from [state] with(nolock): Invalid object name 'state'.
- 12-20-22 23:59:25.327: 12/20/2022 4:59:25 PM - select Name, Version from Js_CssVersion with(nolock): Invalid object name 'Js_CssVersion'.
- 12-21-22 00:12:34.323: 12/20/2022 5:12:34 PM - select value from setting where name='LinkStakeout_DSL': Invalid object name 'setting'.
- 12-21-22 00:12:34.327: 12/20/2022 5:12:34 PM - select value from setting where name='LinkLearnNewLanding_DSL': Invalid object name 'setting'.
- 12-21-22 00:12:34.346: 12/20/2022 5:12:34 PM - select StateID, StateName from [state] with(nolock): Invalid object name 'state'.
- 12-21-22 00:12:34.352: 12/20/2022 5:12:34 PM - select Name, Version from Js_CssVersion with(nolock): Invalid object name 'Js_CssVersion'.
- 12-21-22 00:12:35.263: 12/20/2022 5:12:35 PM - select value from setting where name='LinkStakeout_DSL': Invalid object name 'setting'.
- 12-21-22 00:12:35.271: 12/20/2022 5:12:35 PM - select value from setting where name='LinkLearnNewLanding_DSL': Invalid object name 'setting'.
- 12-21-22 00:12:35.303: 12/20/2022 5:12:35 PM - select StateID, StateName from [state] with(nolock): Invalid object name 'state'.
- 12-21-22 00:12:35.311: 12/20/2022 5:12:35 PM - select Name, Version from Js_CssVersion with(nolock): Invalid object name 'Js_CssVersion'.
- 12-21-22 00:13:32.959: 12/20/2022 5:13:32 PM - select value from setting where name='LinkStakeout_DSL': Invalid object name 'setting'.
- 12-21-22 00:13:32.963: 12/20/2022 5:13:32 PM - select value from setting where name='LinkLearnNewLanding_DSL': Invalid object name 'setting'.
- 12-21-22 00:13:32.983: 12/20/2022 5:13:32 PM - select StateID, StateName from [state] with(nolock): Invalid object name 'state'.
- 12-21-22 00:13:32.989: 12/20/2022 5:13:32 PM - select Name, Version from Js_CssVersion with(nolock): Invalid object name 'Js_CssVersion'.
- 12-21-22 00:13:33.813: 12/20/2022 5:13:33 PM - select value from setting where name='LinkStakeout_DSL': Invalid object name 'setting'.
- 12-21-22 00:13:33.813: 12/20/2022 5:13:33 PM - select value from setting where name='LinkLearnNewLanding_DSL': Invalid object name 'setting'.
- 12-21-22 00:13:33.815: 12/20/2022 5:13:33 PM - select StateID, StateName from [state] with(nolock): Invalid object name 'state'.
- 12-21-22 00:13:33.815: 12/20/2022 5:13:33 PM - select Name, Version from Js_CssVersion with(nolock): Invalid object name 'Js_CssVersion'.
- 12-21-22 00:13:56.132: 12/20/2022 5:13:56 PM - select value from setting where name='LinkStakeout_DSL': Invalid object name 'setting'.
- 12-21-22 00:13:56.136: 12/20/2022 5:13:56 PM - select value from setting where name='LinkLearnNewLanding_DSL': Invalid object name 'setting'.
- 12-21-22 00:13:56.156: 12/20/2022 5:13:56 PM - select StateID, StateName from [state] with(nolock): Invalid object name 'state'.
- 12-21-22 00:13:56.161: 12/20/2022 5:13:56 PM - select Name, Version from Js_CssVersion with(nolock): Invalid object name 'Js_CssVersion'.
- 12-21-22 00:13:57.067: 12/20/2022 5:13:57 PM - select value from setting where name='LinkStakeout_DSL': Invalid object name 'setting'.
- 12-21-22 00:13:57.074: 12/20/2022 5:13:57 PM - select value from setting where name='LinkLearnNewLanding_DSL': Invalid object name 'setting'.
- 12-21-22 00:13:57.103: 12/20/2022 5:13:57 PM - select StateID, StateName from [state] with(nolock): Invalid object name 'state'.
- 12-21-22 00:13:57.111: 12/20/2022 5:13:57 PM - select Name, Version from Js_CssVersion with(nolock): Invalid object name 'Js_CssVersion'.
- 12-21-22 00:15:15.990: 12/20/2022 5:15:15 PM - select value from setting where name='LinkStakeout_DSL': Invalid object name 'setting'.
- 12-21-22 00:15:15.994: 12/20/2022 5:15:15 PM - select value from setting where name='LinkLearnNewLanding_DSL': Invalid object name 'setting'.
- 12-21-22 00:15:16.013: 12/20/2022 5:15:16 PM - select StateID, StateName from [state] with(nolock): Invalid object name 'state'.
- 12-21-22 00:15:16.017: 12/20/2022 5:15:16 PM - select Name, Version from Js_CssVersion with(nolock): Invalid object name 'Js_CssVersion'.
- 12-21-22 00:15:16.939: 12/20/2022 5:15:16 PM - select value from setting where name='LinkStakeout_DSL': Invalid object name 'setting'.
- 12-21-22 00:15:16.946: 12/20/2022 5:15:16 PM - select value from setting where name='LinkLearnNewLanding_DSL': Invalid object name 'setting'.
- 12-21-22 00:15:16.973: 12/20/2022 5:15:16 PM - select StateID, StateName from [state] with(nolock): Invalid object name 'state'.
- 12-21-22 00:15:16.982: 12/20/2022 5:15:16 PM - select Name, Version from Js_CssVersion with(nolock): Invalid object name 'Js_CssVersion'.
- 12-21-22 00:24:15.676: 12/20/2022 5:24:15 PM - select value from setting where name='LinkStakeout_DSL': Invalid object name 'setting'.
- 12-21-22 00:24:15.679: 12/20/2022 5:24:15 PM - select value from setting where name='LinkLearnNewLanding_DSL': Invalid object name 'setting'.
- 12-21-22 00:24:15.699: 12/20/2022 5:24:15 PM - select StateID, StateName from [state] with(nolock): Invalid object name 'state'.
- 12-21-22 00:24:15.704: 12/20/2022 5:24:15 PM - select Name, Version from Js_CssVersion with(nolock): Invalid object name 'Js_CssVersion'.
- 12-21-22 00:24:16.308: 12/20/2022 5:24:16 PM - select value from setting where name='LinkStakeout_DSL': Invalid object name 'setting'.
- 12-21-22 00:24:16.316: 12/20/2022 5:24:16 PM - select value from setting where name='LinkLearnNewLanding_DSL': Invalid object name 'setting'.
- 12-21-22 00:24:16.346: 12/20/2022 5:24:16 PM - select StateID, StateName from [state] with(nolock): Invalid object name 'state'.
- 12-21-22 00:24:16.355: 12/20/2022 5:24:16 PM - select Name, Version from Js_CssVersion with(nolock): Invalid object name 'Js_CssVersion'.
- 12-21-22 00:47:57.621: 12/20/2022 5:47:57 PM - select value from setting where name='LinkStakeout_DSL': Invalid object name 'setting'.
- 12-21-22 00:47:57.625: 12/20/2022 5:47:57 PM - select value from setting where name='LinkLearnNewLanding_DSL': Invalid object name 'setting'.
- 12-21-22 00:47:57.643: 12/20/2022 5:47:57 PM - select StateID, StateName from [state] with(nolock): Invalid object name 'state'.
- 12-21-22 00:47:57.647: 12/20/2022 5:47:57 PM - select Name, Version from Js_CssVersion with(nolock): Invalid object name 'Js_CssVersion'.
- 12-21-22 00:47:58.575: 12/20/2022 5:47:58 PM - select value from setting where name='LinkStakeout_DSL': Invalid object name 'setting'.
- 12-21-22 00:47:58.582: 12/20/2022 5:47:58 PM - select value from setting where name='LinkLearnNewLanding_DSL': Invalid object name 'setting'.
- 12-21-22 00:47:58.611: 12/20/2022 5:47:58 PM - select StateID, StateName from [state] with(nolock): Invalid object name 'state'.
- 12-21-22 00:47:58.618: 12/20/2022 5:47:58 PM - select Name, Version from Js_CssVersion with(nolock): Invalid object name 'Js_CssVersion'.
- 12-21-22 00:53:59.593: 12/20/2022 5:53:59 PM - select value from setting where name='LinkStakeout_DSL': Invalid object name 'setting'.
- 12-21-22 00:53:59.597: 12/20/2022 5:53:59 PM - select value from setting where name='LinkLearnNewLanding_DSL': Invalid object name 'setting'.
- 12-21-22 00:53:59.617: 12/20/2022 5:53:59 PM - select StateID, StateName from [state] with(nolock): Invalid object name 'state'.
- 12-21-22 00:53:59.622: 12/20/2022 5:53:59 PM - select Name, Version from Js_CssVersion with(nolock): Invalid object name 'Js_CssVersion'.
- 12-21-22 00:54:00.549: 12/20/2022 5:54:00 PM - select value from setting where name='LinkStakeout_DSL': Invalid object name 'setting'.
- 12-21-22 00:54:00.569: 12/20/2022 5:54:00 PM - select value from setting where name='LinkLearnNewLanding_DSL': Invalid object name 'setting'.
- 12-21-22 00:54:00.602: 12/20/2022 5:54:00 PM - select StateID, StateName from [state] with(nolock): Invalid object name 'state'.
- 12-21-22 00:54:00.611: 12/20/2022 5:54:00 PM - select Name, Version from Js_CssVersion with(nolock): Invalid object name 'Js_CssVersion'.
- 07-31-24 23:33:37.244: 31/07/2024 16:33:37 - select value from setting where name='LinkStakeout_DSL': A network-related or instance-specific error occurred while establishing a connection to SQL Server. The server was not found or was not accessible. Verify that the instance name is correct and that SQL Server is configured to allow remote connections. (provider: SQL Network Interfaces, error: 26 - Error Locating Server/Instance Specified)
- 07-31-24 23:33:37.252: 31/07/2024 16:33:37 - select value from setting where name='LinkLearnNewLanding_DSL': A network-related or instance-specific error occurred while establishing a connection to SQL Server. The server was not found or was not accessible. Verify that the instance name is correct and that SQL Server is configured to allow remote connections. (provider: SQL Network Interfaces, error: 26 - Error Locating Server/Instance Specified)
- 07-31-24 23:33:37.317: 31/07/2024 16:33:37 - select StateID, StateName from [state] with(nolock): A network-related or instance-specific error occurred while establishing a connection to SQL Server. The server was not found or was not accessible. Verify that the instance name is correct and that SQL Server is configured to allow remote connections. (provider: SQL Network Interfaces, error: 26 - Error Locating Server/Instance Specified)
- 07-31-24 23:33:37.325: 31/07/2024 16:33:37 - select Name, Version from Js_CssVersion with(nolock): A network-related or instance-specific error occurred while establishing a connection to SQL Server. The server was not found or was not accessible. Verify that the instance name is correct and that SQL Server is configured to allow remote connections. (provider: SQL Network Interfaces, error: 26 - Error Locating Server/Instance Specified)
- 07-31-24 23:33:38.953: 31/07/2024 16:33:38 - select value from setting where name='LinkStakeout_DSL': A network-related or instance-specific error occurred while establishing a connection to SQL Server. The server was not found or was not accessible. Verify that the instance name is correct and that SQL Server is configured to allow remote connections. (provider: SQL Network Interfaces, error: 26 - Error Locating Server/Instance Specified)
- 07-31-24 23:33:38.963: 31/07/2024 16:33:38 - select value from setting where name='LinkLearnNewLanding_DSL': A network-related or instance-specific error occurred while establishing a connection to SQL Server. The server was not found or was not accessible. Verify that the instance name is correct and that SQL Server is configured to allow remote connections. (provider: SQL Network Interfaces, error: 26 - Error Locating Server/Instance Specified)
- 07-31-24 23:33:39.007: 31/07/2024 16:33:39 - select StateID, StateName from [state] with(nolock): A network-related or instance-specific error occurred while establishing a connection to SQL Server. The server was not found or was not accessible. Verify that the instance name is correct and that SQL Server is configured to allow remote connections. (provider: SQL Network Interfaces, error: 26 - Error Locating Server/Instance Specified)
- 07-31-24 23:33:39.017: 31/07/2024 16:33:39 - select Name, Version from Js_CssVersion with(nolock): A network-related or instance-specific error occurred while establishing a connection to SQL Server. The server was not found or was not accessible. Verify that the instance name is correct and that SQL Server is configured to allow remote connections. (provider: SQL Network Interfaces, error: 26 - Error Locating Server/Instance Specified)
